c:\projektit\concept engine\lib\debug\ceng-win32.lib
c:\projektit\concept engine\lib\debug\ceng-win32.exp
c:\projektit\concept engine\ceng-win32\debug\ceng-win32.pch
c:\projektit\concept engine\ceng-win32\debug\vc120.pdb
c:\projektit\concept engine\ceng-win32\debug\vc120.idb
c:\projektit\concept engine\ceng-win32\debug\stdafx.obj
c:\projektit\concept engine\ceng-win32\debug\ceng-win32.obj
c:\projektit\concept engine\ceng-win32\debug\cpu-x86.obj
c:\projektit\concept engine\ceng-win32\debug\graphics-2d-d3d10.obj
c:\projektit\concept engine\ceng-win32\debug\graphics-2d-d3d9.obj
c:\projektit\concept engine\ceng-win32\debug\layer-win32.obj
c:\projektit\concept engine\ceng-win32\debug\platform-renderer.obj
c:\projektit\concept engine\ceng-win32\debug\win32-cond-var.obj
c:\projektit\concept engine\ceng-win32\debug\win32-crend-d3d10.obj
c:\projektit\concept engine\ceng-win32\debug\win32-crend-d3d9.obj
c:\projektit\concept engine\ceng-win32\debug\win32-crit-section.obj
c:\projektit\concept engine\ceng-win32\debug\win32-d3d9.obj
c:\projektit\concept engine\ceng-win32\debug\win32-dll.obj
c:\projektit\concept engine\ceng-win32\debug\win32-keyboard.obj
c:\projektit\concept engine\ceng-win32\debug\win32-mutex.obj
c:\projektit\concept engine\ceng-win32\debug\win32-thread.obj
c:\projektit\concept engine\ceng-win32\debug\win32-window.obj
c:\projektit\concept engine\ceng-win32\debug\winproc-thunk.obj
c:\projektit\concept engine\ceng-win32\debug\dllmain.obj
c:\projektit\concept engine\lib\debug\ceng-win32.ilk
c:\projektit\concept engine\lib\debug\ceng-win32.dll
c:\projektit\concept engine\lib\debug\ceng-win32.pdb
c:\projektit\concept engine\\lib\debug\ceng-win32.pdb
c:\projektit\concept engine\\lib\debug\ceng-win32.dll
c:\projektit\concept engine\\lib\debug\ceng-win32.ilk
c:\projektit\concept engine\ceng-win32\debug\ceng-win32.tlog\ceng-win32.write.1u.tlog
c:\projektit\concept engine\ceng-win32\debug\ceng-win32.tlog\cl.command.1.tlog
c:\projektit\concept engine\ceng-win32\debug\ceng-win32.tlog\cl.read.1.tlog
c:\projektit\concept engine\ceng-win32\debug\ceng-win32.tlog\cl.write.1.tlog
c:\projektit\concept engine\ceng-win32\debug\ceng-win32.tlog\link.command.1.tlog
c:\projektit\concept engine\ceng-win32\debug\ceng-win32.tlog\link.read.1.tlog
c:\projektit\concept engine\ceng-win32\debug\ceng-win32.tlog\link.write.1.tlog
