c:\projektit\concept engine -crender\lib\release\ceng-platform.lib
c:\projektit\concept engine -crender\lib\release\ceng-platform.exp
c:\projektit\concept engine -crender\ceng-win32\release\ceng-platform.pch
c:\projektit\concept engine -crender\ceng-win32\release\vc140.pdb
c:\projektit\concept engine -crender\ceng-win32\release\stdafx.obj
c:\projektit\concept engine -crender\ceng-win32\release\winproc-thunk.obj
c:\projektit\concept engine -crender\ceng-win32\release\win32-window.obj
c:\projektit\concept engine -crender\ceng-win32\release\win32-thread.obj
c:\projektit\concept engine -crender\ceng-win32\release\win32-mutex.obj
c:\projektit\concept engine -crender\ceng-win32\release\win32-keyboard.obj
c:\projektit\concept engine -crender\ceng-win32\release\win32-dll.obj
c:\projektit\concept engine -crender\ceng-win32\release\win32-d3d9.obj
c:\projektit\concept engine -crender\ceng-win32\release\win32-crit-section.obj
c:\projektit\concept engine -crender\ceng-win32\release\win32-crend-d3d9.obj
c:\projektit\concept engine -crender\ceng-win32\release\win32-crend-d3d10.obj
c:\projektit\concept engine -crender\ceng-win32\release\win32-cond-var.obj
c:\projektit\concept engine -crender\ceng-win32\release\layer-win32.obj
c:\projektit\concept engine -crender\ceng-win32\release\graphics-system.obj
c:\projektit\concept engine -crender\ceng-win32\release\graphics-2d-d3d9.obj
c:\projektit\concept engine -crender\ceng-win32\release\graphics-2d-d3d10.obj
c:\projektit\concept engine -crender\ceng-win32\release\d3d9-swap-chain.obj
c:\projektit\concept engine -crender\ceng-win32\release\d3d9-adapter.obj
c:\projektit\concept engine -crender\ceng-win32\release\cpu-x86.obj
c:\projektit\concept engine -crender\ceng-win32\release\ceng-win32.obj
c:\projektit\concept engine -crender\ceng-win32\release\dllmain.obj
c:\projektit\concept engine -crender\lib\release\ceng-platform.dll
c:\projektit\concept engine -crender\lib\release\ceng-platform.ipdb
c:\projektit\concept engine -crender\lib\release\ceng-platform.iobj
c:\projektit\concept engine -crender\lib\release\ceng-platform.pdb
c:\projektit\concept engine -crender\\lib\release\ceng-platform.pdb
c:\projektit\concept engine -crender\\lib\release\ceng-platform.dll
c:\projektit\concept engine -crender\ceng-win32\release\ceng-win32.tlog\ceng-win32.write.1u.tlog
c:\projektit\concept engine -crender\ceng-win32\release\ceng-win32.tlog\cl.command.1.tlog
c:\projektit\concept engine -crender\ceng-win32\release\ceng-win32.tlog\cl.read.1.tlog
c:\projektit\concept engine -crender\ceng-win32\release\ceng-win32.tlog\cl.write.1.tlog
c:\projektit\concept engine -crender\ceng-win32\release\ceng-win32.tlog\link.command.1.tlog
c:\projektit\concept engine -crender\ceng-win32\release\ceng-win32.tlog\link.read.1.tlog
c:\projektit\concept engine -crender\ceng-win32\release\ceng-win32.tlog\link.write.1.tlog
