c:\users\zeimd\documents\projektit\concept engine -crender\crender-mt\debug\crender-mt-debug.pch
c:\users\zeimd\documents\projektit\concept engine -crender\crender-mt\debug\vc141.pdb
c:\users\zeimd\documents\projektit\concept engine -crender\crender-mt\debug\vc141.idb
c:\users\zeimd\documents\projektit\concept engine -crender\crender-mt\debug\stdafx.obj
c:\users\zeimd\documents\projektit\concept engine -crender\crender-mt\debug\cr-texture-2d.obj
c:\users\zeimd\documents\projektit\concept engine -crender\crender-mt\debug\cr-swap-chain.obj
c:\users\zeimd\documents\projektit\concept engine -crender\crender-mt\debug\cr-shader-view-tex2d.obj
c:\users\zeimd\documents\projektit\concept engine -crender\crender-mt\debug\cr-shader-const.obj
c:\users\zeimd\documents\projektit\concept engine -crender\crender-mt\debug\cr-setup.obj
c:\users\zeimd\documents\projektit\concept engine -crender\crender-mt\debug\cr-scene.obj
c:\users\zeimd\documents\projektit\concept engine -crender\crender-mt\debug\cr-sampler-state.obj
c:\users\zeimd\documents\projektit\concept engine -crender\crender-mt\debug\cr-resource.obj
c:\users\zeimd\documents\projektit\concept engine -crender\crender-mt\debug\cr-pixel-shader.obj
c:\users\zeimd\documents\projektit\concept engine -crender\crender-mt\debug\cr-image-buffer.obj
c:\users\zeimd\documents\projektit\concept engine -crender\crender-mt\debug\command-thread.obj
c:\users\zeimd\documents\projektit\concept engine -crender\crender-mt\debug\cmd-flip-buffers.obj
c:\users\zeimd\documents\projektit\concept engine -crender\crender-mt\debug\cmd-draw.obj
c:\users\zeimd\documents\projektit\concept engine -crender\crender-mt\debug\cmd-clear-target.obj
c:\users\zeimd\documents\projektit\concept engine -crender\crender-mt\debug\cmd-clear-depth.obj
c:\users\zeimd\documents\projektit\concept engine -crender\crender-mt\debug\clipper.obj
c:\users\zeimd\documents\projektit\concept engine -crender\crender-mt\debug\clipper-batch.obj
c:\users\zeimd\documents\projektit\concept engine -crender\crender-mt\debug\buffer-factory.obj
c:\users\zeimd\documents\projektit\concept engine -crender\crender-mt\debug\buffer-clear.obj
c:\users\zeimd\documents\projektit\concept engine -crender\crender-mt\debug\api-command.obj
c:\users\zeimd\documents\projektit\concept engine -crender\crender-mt\debug\ras-coverage-test.obj
c:\users\zeimd\documents\projektit\concept engine -crender\crender-mt\debug\quad-format.obj
c:\users\zeimd\documents\projektit\concept engine -crender\crender-mt\debug\pshader-wrapper.obj
c:\users\zeimd\documents\projektit\concept engine -crender\crender-mt\debug\pshader-output.obj
c:\users\zeimd\documents\projektit\concept engine -crender\crender-mt\debug\pshader-instance.obj
c:\users\zeimd\documents\projektit\concept engine -crender\crender-mt\debug\pshader-input.obj
c:\users\zeimd\documents\projektit\concept engine -crender\crender-mt\debug\pipeline.obj
c:\users\zeimd\documents\projektit\concept engine -crender\crender-mt\debug\pipeline-stage.obj
c:\users\zeimd\documents\projektit\concept engine -crender\crender-mt\debug\pipeline-batch.obj
c:\users\zeimd\documents\projektit\concept engine -crender\crender-mt\debug\locking-task.obj
c:\users\zeimd\documents\projektit\concept engine -crender\crender-mt\debug\locking-stage.obj
c:\users\zeimd\documents\projektit\concept engine -crender\crender-mt\debug\locking-queue.obj
c:\users\zeimd\documents\projektit\concept engine -crender\crender-mt\debug\fragment-format.obj
c:\users\zeimd\documents\projektit\concept engine -crender\crender-mt\debug\draw-batch.obj
c:\users\zeimd\documents\projektit\concept engine -crender\crender-mt\debug\depth-test-port.obj
c:\users\zeimd\documents\projektit\concept engine -crender\crender-mt\debug\crender-mt.obj
c:\users\zeimd\documents\projektit\concept engine -crender\crender-mt\debug\crender-context.obj
c:\users\zeimd\documents\projektit\concept engine -crender\crender-mt\debug\cr-vertex-shader.obj
c:\users\zeimd\documents\projektit\concept engine -crender\crender-mt\debug\cr-vertex-format.obj
c:\users\zeimd\documents\projektit\concept engine -crender\crender-mt\debug\cr-vertex-buffer.obj
c:\users\zeimd\documents\projektit\concept engine -crender\crender-mt\debug\triangle-batch.obj
c:\users\zeimd\documents\projektit\concept engine -crender\crender-mt\debug\texture-unit.obj
c:\users\zeimd\documents\projektit\concept engine -crender\crender-mt\debug\task-triangle-setup.obj
c:\users\zeimd\documents\projektit\concept engine -crender\crender-mt\debug\task-rasterizer.obj
c:\users\zeimd\documents\projektit\concept engine -crender\crender-mt\debug\task-pshader.obj
c:\users\zeimd\documents\projektit\concept engine -crender\crender-mt\debug\task-clipper.obj
c:\users\zeimd\documents\projektit\concept engine -crender\crender-mt\debug\shader-link.obj
c:\users\zeimd\documents\projektit\concept engine -crender\crender-mt\debug\shader-float4.obj
c:\users\zeimd\documents\projektit\concept engine -crender\crender-mt\debug\setup-vertex.obj
c:\users\zeimd\documents\projektit\concept engine -crender\crender-mt\debug\crender-pshader.obj
c:\users\zeimd\documents\projektit\concept engine -crender\crender-mt\debug\rtarget-depth-test.obj
c:\users\zeimd\documents\projektit\concept engine -crender\crender-mt\debug\rtarget-data.obj
c:\users\zeimd\documents\projektit\concept engine -crender\crender-mt\debug\rtarget-clear.obj
c:\users\zeimd\documents\projektit\concept engine -crender\crender-mt\debug\rtarget-buffer-swap.obj
c:\users\zeimd\documents\projektit\concept engine -crender\crender-mt\debug\rendertarget-cr.obj
c:\users\zeimd\documents\projektit\concept engine -crender\crender-mt\debug\render-thread.obj
c:\users\zeimd\documents\projektit\concept engine -crender\crender-mt\debug\render-state.obj
c:\users\zeimd\documents\projektit\concept engine -crender\crender-mt\debug\rasterizer-work.obj
c:\users\zeimd\documents\projektit\concept engine -crender\crender-mt\debug\rasterizer-setup.obj
c:\users\zeimd\documents\projektit\concept engine -crender\crender-mt\debug\rasterizer-batch.obj
c:\users\zeimd\documents\projektit\concept engine -crender\crender-mt\debug\vshader-wrapper.obj
c:\users\zeimd\documents\projektit\concept engine -crender\crender-mt\debug\vshader-output.obj
c:\users\zeimd\documents\projektit\concept engine -crender\crender-mt\debug\vshader-input.obj
c:\users\zeimd\documents\projektit\concept engine -crender\crender-mt\debug\vshader-instance.obj
c:\users\zeimd\documents\projektit\concept engine -crender\crender-mt\debug\dllmain.obj
c:\users\zeimd\documents\projektit\concept engine -crender\lib\debug\crender-mt-debug.lib
c:\users\zeimd\documents\projektit\concept engine -crender\lib\debug\crender-mt-debug.exp
c:\users\zeimd\documents\projektit\concept engine -crender\lib\debug\crender-mt-debug.ilk
c:\users\zeimd\documents\projektit\concept engine -crender\lib\debug\crender-mt-debug.dll
c:\users\zeimd\documents\projektit\concept engine -crender\lib\debug\crender-mt-debug.pdb
c:\users\zeimd\documents\projektit\concept engine -crender\\lib\debug\crender-mt-debug.pdb
c:\users\zeimd\documents\projektit\concept engine -crender\\lib\debug\crender-mt-debug.dll
c:\users\zeimd\documents\projektit\concept engine -crender\\lib\debug\crender-mt-debug.ilk
c:\users\zeimd\documents\projektit\concept engine -crender\crender-mt\debug\crender-mt.tlog\cl.command.1.tlog
c:\users\zeimd\documents\projektit\concept engine -crender\crender-mt\debug\crender-mt.tlog\cl.read.1.tlog
c:\users\zeimd\documents\projektit\concept engine -crender\crender-mt\debug\crender-mt.tlog\cl.write.1.tlog
c:\users\zeimd\documents\projektit\concept engine -crender\crender-mt\debug\crender-mt.tlog\crender-mt.write.1u.tlog
c:\users\zeimd\documents\projektit\concept engine -crender\crender-mt\debug\crender-mt.tlog\link.command.1.tlog
c:\users\zeimd\documents\projektit\concept engine -crender\crender-mt\debug\crender-mt.tlog\link.read.1.tlog
c:\users\zeimd\documents\projektit\concept engine -crender\crender-mt\debug\crender-mt.tlog\link.write.1.tlog
