  stdafx.cpp
  api-command.cpp
  buffer-clear.cpp
  buffer-factory.cpp
  clipper-batch.cpp
  clipper.cpp
  cmd-clear-depth.cpp
  cmd-clear-target.cpp
  cmd-draw.cpp
  cmd-flip-buffers.cpp
  command-thread.cpp
  cr-image-buffer.cpp
  cr-pixel-shader.cpp
  cr-resource.cpp
  cr-sampler-state.cpp
  cr-scene.cpp
  cr-setup.cpp
  cr-shader-const.cpp
  cr-swap-chain.cpp
  cr-texture-2d.cpp
  cr-vertex-buffer.cpp
  Compiling...
  cr-vertex-format.cpp
  cr-vertex-shader.cpp
  crender-context.cpp
  crender-mt.cpp
  depth-test-port.cpp
  draw-batch.cpp
  fragment-format.cpp
  locking-queue.cpp
  locking-stage.cpp
  locking-task.cpp
  pipeline-batch.cpp
  pipeline-stage.cpp
  pipeline.cpp
  pshader-instance.cpp
  pshader-output.cpp
  pshader-wrapper.cpp
  quad-format.cpp
  ras-coverage-test.cpp
  rasterizer-batch.cpp
  rasterizer-setup.cpp
  Compiling...
  rasterizer-work.cpp
  render-state.cpp
  render-thread.cpp
  rendertarget-cr.cpp
  rtarget-buffer-swap.cpp
  rtarget-clear.cpp
  rtarget-data.cpp
  rtarget-depth-test.cpp
  crender-pshader.cpp
  setup-vertex.cpp
  shader-float4.cpp
  shader-link.cpp
  task-clipper.cpp
  task-pshader.cpp
  task-rasterizer.cpp
  task-triangle-setup.cpp
  texture-unit.cpp
  triangle-batch.cpp
  vshader-input.cpp
  vshader-instance.cpp
  Compiling...
  vshader-output.cpp
  vshader-wrapper.cpp
  cr-shader-view-tex2d.cpp
  pshader-input.cpp
  dllmain.cpp
     Creating library C:\Users\Zeimd\Documents\Projektit\crender-mt\software-renderer\\lib\Release\crender-mt.lib and object C:\Users\Zeimd\Documents\Projektit\crender-mt\software-renderer\\lib\Release\crender-mt.exp
  Generating code
  3222 of 3228 functions (99.8%) were compiled, the rest were copied from previous compilation.
    194 functions were new in current compilation
    0 functions had inline decision re-evaluated but remain unchanged
  Finished generating code
  crender-mt.vcxproj -> C:\Users\Zeimd\Documents\Projektit\crender-mt\software-renderer\\lib\Release\crender-mt.dll
  C:\Users\Zeimd\Documents\Projektit\crender-mt\software-renderer\\lib\Release\ceng-platform.dll
  C:\Users\Zeimd\Documents\Projektit\crender-mt\software-renderer\\lib\Release\crender-mt.dll
          2 file(s) copied.
