c:\projektit\concept engine -crender\crender-mt\release\crender-mt.pch
c:\projektit\concept engine -crender\crender-mt\release\vc140.pdb
c:\projektit\concept engine -crender\crender-mt\release\stdafx.obj
c:\projektit\concept engine -crender\crender-mt\release\cr-vertex-buffer.obj
c:\projektit\concept engine -crender\crender-mt\release\cr-texture-2d.obj
c:\projektit\concept engine -crender\crender-mt\release\cr-swap-chain.obj
c:\projektit\concept engine -crender\crender-mt\release\cr-shader-const.obj
c:\projektit\concept engine -crender\crender-mt\release\cr-setup.obj
c:\projektit\concept engine -crender\crender-mt\release\cr-scene.obj
c:\projektit\concept engine -crender\crender-mt\release\cr-sampler-state.obj
c:\projektit\concept engine -crender\crender-mt\release\cr-resource.obj
c:\projektit\concept engine -crender\crender-mt\release\cr-pixel-shader.obj
c:\projektit\concept engine -crender\crender-mt\release\cr-image-buffer.obj
c:\projektit\concept engine -crender\crender-mt\release\command-thread.obj
c:\projektit\concept engine -crender\crender-mt\release\cmd-flip-buffers.obj
c:\projektit\concept engine -crender\crender-mt\release\cmd-draw.obj
c:\projektit\concept engine -crender\crender-mt\release\cmd-clear-target.obj
c:\projektit\concept engine -crender\crender-mt\release\cmd-clear-depth.obj
c:\projektit\concept engine -crender\crender-mt\release\clipper.obj
c:\projektit\concept engine -crender\crender-mt\release\clipper-batch.obj
c:\projektit\concept engine -crender\crender-mt\release\buffer-factory.obj
c:\projektit\concept engine -crender\crender-mt\release\buffer-clear.obj
c:\projektit\concept engine -crender\crender-mt\release\api-command.obj
c:\projektit\concept engine -crender\crender-mt\release\rasterizer-setup.obj
c:\projektit\concept engine -crender\crender-mt\release\rasterizer-batch.obj
c:\projektit\concept engine -crender\crender-mt\release\ras-coverage-test.obj
c:\projektit\concept engine -crender\crender-mt\release\quad-format.obj
c:\projektit\concept engine -crender\crender-mt\release\pshader-wrapper.obj
c:\projektit\concept engine -crender\crender-mt\release\pshader-output.obj
c:\projektit\concept engine -crender\crender-mt\release\pshader-instance.obj
c:\projektit\concept engine -crender\crender-mt\release\pipeline.obj
c:\projektit\concept engine -crender\crender-mt\release\pipeline-stage.obj
c:\projektit\concept engine -crender\crender-mt\release\pipeline-batch.obj
c:\projektit\concept engine -crender\crender-mt\release\locking-task.obj
c:\projektit\concept engine -crender\crender-mt\release\locking-stage.obj
c:\projektit\concept engine -crender\crender-mt\release\locking-queue.obj
c:\projektit\concept engine -crender\crender-mt\release\fragment-format.obj
c:\projektit\concept engine -crender\crender-mt\release\draw-batch.obj
c:\projektit\concept engine -crender\crender-mt\release\depth-test-port.obj
c:\projektit\concept engine -crender\crender-mt\release\crender-mt.obj
c:\projektit\concept engine -crender\crender-mt\release\crender-context.obj
c:\projektit\concept engine -crender\crender-mt\release\cr-vertex-shader.obj
c:\projektit\concept engine -crender\crender-mt\release\cr-vertex-format.obj
c:\projektit\concept engine -crender\crender-mt\release\vshader-instance.obj
c:\projektit\concept engine -crender\crender-mt\release\vshader-input.obj
c:\projektit\concept engine -crender\crender-mt\release\triangle-batch.obj
c:\projektit\concept engine -crender\crender-mt\release\texture-unit.obj
c:\projektit\concept engine -crender\crender-mt\release\task-triangle-setup.obj
c:\projektit\concept engine -crender\crender-mt\release\task-rasterizer.obj
c:\projektit\concept engine -crender\crender-mt\release\task-pshader.obj
c:\projektit\concept engine -crender\crender-mt\release\task-clipper.obj
c:\projektit\concept engine -crender\crender-mt\release\shader-link.obj
c:\projektit\concept engine -crender\crender-mt\release\shader-float4.obj
c:\projektit\concept engine -crender\crender-mt\release\setup-vertex.obj
c:\projektit\concept engine -crender\crender-mt\release\crender-pshader.obj
c:\projektit\concept engine -crender\crender-mt\release\rtarget-depth-test.obj
c:\projektit\concept engine -crender\crender-mt\release\rtarget-data.obj
c:\projektit\concept engine -crender\crender-mt\release\rtarget-clear.obj
c:\projektit\concept engine -crender\crender-mt\release\rtarget-buffer-swap.obj
c:\projektit\concept engine -crender\crender-mt\release\rendertarget-cr.obj
c:\projektit\concept engine -crender\crender-mt\release\render-thread.obj
c:\projektit\concept engine -crender\crender-mt\release\render-state.obj
c:\projektit\concept engine -crender\crender-mt\release\rasterizer-work.obj
c:\projektit\concept engine -crender\crender-mt\release\vshader-wrapper.obj
c:\projektit\concept engine -crender\crender-mt\release\vshader-output.obj
c:\projektit\concept engine -crender\crender-mt\release\pshader-input.obj
c:\projektit\concept engine -crender\crender-mt\release\cr-shader-view-tex2d.obj
c:\projektit\concept engine -crender\crender-mt\release\dllmain.obj
c:\projektit\concept engine -crender\lib\release\crender-mt.lib
c:\projektit\concept engine -crender\lib\release\crender-mt.exp
c:\projektit\concept engine -crender\lib\release\crender-mt.dll
c:\projektit\concept engine -crender\crender-mt\release\cr-shader-view-tex2d.asm
c:\projektit\concept engine -crender\crender-mt\release\pshader-input.asm
c:\projektit\concept engine -crender\lib\release\crender-mt.pdb
c:\projektit\concept engine -crender\\lib\release\crender-mt.pdb
c:\projektit\concept engine -crender\\lib\release\crender-mt.dll
c:\projektit\concept engine -crender\crender-mt\release\crender-mt.tlog\cl.command.1.tlog
c:\projektit\concept engine -crender\crender-mt\release\crender-mt.tlog\cl.read.1.tlog
c:\projektit\concept engine -crender\crender-mt\release\crender-mt.tlog\cl.write.1.tlog
c:\projektit\concept engine -crender\crender-mt\release\crender-mt.tlog\crender-mt.write.1u.tlog
c:\projektit\concept engine -crender\crender-mt\release\crender-mt.tlog\link.command.1.tlog
c:\projektit\concept engine -crender\crender-mt\release\crender-mt.tlog\link.read.1.tlog
c:\projektit\concept engine -crender\crender-mt\release\crender-mt.tlog\link.write.1.tlog
